{"D:\\BEJ9\\automation-testing\\dataset\\users.js": {"path":"D:\\BEJ9\\automation-testing\\dataset\\users.js","statementMap":{"0":{"start":{"line":1,"column":0},"end":{"line":22,"column":1}}},"fnMap":{},"branchMap":{},"s":{"0":3},"f":{},"b":{},"_coverageSchema":"1a1c01bbd47fc00a2c39e90264f33305004495a9","hash":"da637a314b0205ddd5b7331900bf44299b47f9ef"}
,"D:\\BEJ9\\automation-testing\\lib\\loginFlow.js": {"path":"D:\\BEJ9\\automation-testing\\lib\\loginFlow.js","statementMap":{"0":{"start":{"line":1,"column":14},"end":{"line":1,"column":44}},"1":{"start":{"line":2,"column":0},"end":{"line":3,"column":26}},"2":{"start":{"line":5,"column":0},"end":{"line":24,"column":1}},"3":{"start":{"line":7,"column":18},"end":{"line":7,"column":20}},"4":{"start":{"line":9,"column":4},"end":{"line":20,"column":6}},"5":{"start":{"line":11,"column":23},"end":{"line":16,"column":9}},"6":{"start":{"line":18,"column":8},"end":{"line":18,"column":73}},"7":{"start":{"line":22,"column":4},"end":{"line":22,"column":16}}},"fnMap":{"0":{"name":"(anonymous_0)","decl":{"start":{"line":5,"column":17},"end":{"line":5,"column":18}},"loc":{"start":{"line":5,"column":23},"end":{"line":24,"column":1}},"line":5},"1":{"name":"(anonymous_1)","decl":{"start":{"line":9,"column":18},"end":{"line":9,"column":19}},"loc":{"start":{"line":9,"column":28},"end":{"line":20,"column":5}},"line":9}},"branchMap":{},"s":{"0":3,"1":3,"2":3,"3":3,"4":3,"5":6,"6":6,"7":3},"f":{"0":3,"1":6},"b":{},"_coverageSchema":"1a1c01bbd47fc00a2c39e90264f33305004495a9","hash":"582a1d2800c51875d0b975c9aec6b1c390b79e20"}
}
